Arguments: 
  /usr/local/Cellar/node/9.6.1/bin/node /usr/local/Cellar/yarn/1.5.1/libexec/bin/yarn.js global why parcel

PATH: 
  /Users/yggdrasil/anaconda3/bin:/Users/yggdrasil/.rvm/gems/ruby-2.4.0/bin:/Users/yggdrasil/.rvm/gems/ruby-2.4.0@global/bin:/Users/yggdrasil/.rvm/rubies/ruby-2.4.0/bin:/usr/local/bin:/usr/local/bin:/usr/bin:/bin:/usr/sbin:/sbin:/usr/local/go/binEDITOR=code:/Applications/Postgres.app/Contents/Versions/latest/bin:/Users/yggdrasil/.rvm/bin

Yarn version: 
  1.5.1

Node version: 
  9.6.1

Platform: 
  darwin x64

npm manifest: 
  {
    "name": "seek-wins",
    "version": "1.0.0",
    "description": "",
    "main": "index.js",
    "scripts": {
      "start": "webpack-dev-server",
      "build": "webpack --env production",
      "test": "jest --coverage --no-cache"
    },
    "author": "superbuggy 🐦",
    "license": "MIT",
    "dependencies": {
      "hyperapp": "^1.1.2",
      "tonal": "^1.1.3",
      "tone": "^0.11.11"
    },
    "devDependencies": {
      "babel-cli": "^6.22.2",
      "babel-core": "^6.22.1",
      "babel-loader": "^7.1.2",
      "babel-minify-webpack-plugin": "^0.2.0",
      "babel-plugin-transform-object-rest-spread": "^6.26.0",
      "babel-plugin-transform-react-jsx": "^6.22.0",
      "babel-preset-env": "^1.6.1",
      "babel-preset-es2015": "^6.22.0",
      "css-loader": "^0.28.0",
      "eslint": "^4.13.1",
      "eslint-config-airbnb-base": "^12.0.0",
      "eslint-plugin-import": "^2.2.0",
      "eslint-plugin-jest": "^21.7.0",
      "eslint-plugin-react": "^7.5.1",
      "extract-text-webpack-plugin": "^3.0.0",
      "hyperapp-redux-devtools": "^1.1.4",
      "imports": "^1.0.0",
      "jest": "^22.1.4",
      "node-libs-browser": "^2.0.0",
      "webpack": "^3.4.0",
      "webpack-dev-server": "^2.4.2"
    }
  }

yarn manifest: 
  No manifest

Lockfile: 
  No lockfile

Trace: 
  Error: Invalid subcommand. Try "add, bin, dir, ls, list, remove, upgrade, upgrade-interactive"
      at new MessageError (/usr/local/Cellar/yarn/1.5.1/libexec/lib/cli.js:186:110)
      at Object.<anonymous> (/usr/local/Cellar/yarn/1.5.1/libexec/lib/cli.js:30362:59)
      at Generator.next (<anonymous>)
      at step (/usr/local/Cellar/yarn/1.5.1/libexec/lib/cli.js:98:30)
      at /usr/local/Cellar/yarn/1.5.1/libexec/lib/cli.js:116:14
      at new Promise (<anonymous>)
      at new F (/usr/local/Cellar/yarn/1.5.1/libexec/lib/cli.js:23451:28)
      at Object.<anonymous> (/usr/local/Cellar/yarn/1.5.1/libexec/lib/cli.js:95:12)
      at Object.run (/usr/local/Cellar/yarn/1.5.1/libexec/lib/cli.js:30366:19)
      at run (/usr/local/Cellar/yarn/1.5.1/libexec/lib/cli.js:89113:20)
